{"C:\\www\\AP3-jest_mock_faker\\AP3-jest_mock_faker\\src\\cardService.js": {"path":"C:\\www\\AP3-jest_mock_faker\\AP3-jest_mock_faker\\src\\cardService.js","statementMap":{"0":{"start":{"line":2,"column":2},"end":{"line":2,"column":39}},"1":{"start":{"line":2,"column":23},"end":{"line":2,"column":39}},"2":{"start":{"line":3,"column":2},"end":{"line":3,"column":45}},"3":{"start":{"line":3,"column":29},"end":{"line":3,"column":45}},"4":{"start":{"line":4,"column":2},"end":{"line":4,"column":45}},"5":{"start":{"line":4,"column":28},"end":{"line":4,"column":45}},"6":{"start":{"line":5,"column":2},"end":{"line":5,"column":18}},"7":{"start":{"line":10,"column":2},"end":{"line":10,"column":66}},"8":{"start":{"line":13,"column":0},"end":{"line":13,"column":56}}},"fnMap":{"0":{"name":"evaluateCard","decl":{"start":{"line":1,"column":9},"end":{"line":1,"column":21}},"loc":{"start":{"line":1,"column":30},"end":{"line":6,"column":1}},"line":1},"1":{"name":"sendCardNotification","decl":{"start":{"line":9,"column":9},"end":{"line":9,"column":29}},"loc":{"start":{"line":9,"column":50},"end":{"line":11,"column":1}},"line":9}},"branchMap":{"0":{"loc":{"start":{"line":2,"column":2},"end":{"line":2,"column":39}},"type":"if","locations":[{"start":{"line":2,"column":2},"end":{"line":2,"column":39}},{"start":{},"end":{}}],"line":2},"1":{"loc":{"start":{"line":3,"column":2},"end":{"line":3,"column":45}},"type":"if","locations":[{"start":{"line":3,"column":2},"end":{"line":3,"column":45}},{"start":{},"end":{}}],"line":3},"2":{"loc":{"start":{"line":4,"column":2},"end":{"line":4,"column":45}},"type":"if","locations":[{"start":{"line":4,"column":2},"end":{"line":4,"column":45}},{"start":{},"end":{}}],"line":4}},"s":{"0":100,"1":4,"2":96,"3":13,"4":83,"5":54,"6":29,"7":0,"8":1},"f":{"0":100,"1":0},"b":{"0":[4,96],"1":[13,83],"2":[54,29]},"_coverageSchema":"1a1c01bbd47fc00a2c39e90264f33305004495a9","hash":"dd47f80c11e4fa085a7f24a3a7f829022fda0a06"}
}
